<?xml version="1.0" encoding="UTF-8"?>
<testsuite xmlns:xsi="http://www.w3.org/2001/XMLSchema-instance" xsi:noNamespaceSchemaLocation="https://maven.apache.org/surefire/maven-surefire-plugin/xsd/surefire-test-report-3.0.xsd" version="3.0" name="com.playwright.AppTest" time="0.034" tests="1" errors="0" skipped="0" failures="0">
  <properties>
    <property name="java.specification.version" value="24"/>
    <property name="sun.cpu.isalist" value="amd64"/>
    <property name="sun.jnu.encoding" value="Cp1252"/>
    <property name="java.class.path" value="C:\Users\darkl\Desktop\DEV\testplaywright\target\test-classes;C:\Users\darkl\Desktop\DEV\testplaywright\target\classes;C:\Users\darkl\.m2\repository\junit\junit\4.11\junit-4.11.jar;C:\Users\darkl\.m2\repository\org\hamcrest\hamcrest-core\1.3\hamcrest-core-1.3.jar;C:\Users\darkl\.m2\repository\com\microsoft\playwright\playwright\1.52.0\playwright-1.52.0.jar;C:\Users\darkl\.m2\repository\com\google\code\gson\gson\2.12.1\gson-2.12.1.jar;C:\Users\darkl\.m2\repository\com\google\errorprone\error_prone_annotations\2.36.0\error_prone_annotations-2.36.0.jar;C:\Users\darkl\.m2\repository\org\opentest4j\opentest4j\1.3.0\opentest4j-1.3.0.jar;C:\Users\darkl\.m2\repository\com\microsoft\playwright\driver\1.52.0\driver-1.52.0.jar;C:\Users\darkl\.m2\repository\com\microsoft\playwright\driver-bundle\1.52.0\driver-bundle-1.52.0.jar;"/>
    <property name="java.vm.vendor" value="Oracle Corporation"/>
    <property name="sun.arch.data.model" value="64"/>
    <property name="user.variant" value=""/>
    <property name="java.vendor.url" value="https://java.oracle.com/"/>
    <property name="user.timezone" value="Asia/Calcutta"/>
    <property name="user.country.format" value="IO"/>
    <property name="os.name" value="Windows 11"/>
    <property name="java.vm.specification.version" value="24"/>
    <property name="sun.java.launcher" value="SUN_STANDARD"/>
    <property name="user.country" value="US"/>
    <property name="sun.boot.library.path" value="C:\Program Files\Java\jdk-24\bin"/>
    <property name="sun.java.command" value="C:\Users\darkl\AppData\Local\Temp\surefire1972139258573488303\surefirebooter-20250616002937000_3.jar C:\Users\darkl\AppData\Local\Temp\surefire1972139258573488303 2025-06-16T00-29-36_715-jvmRun1 surefire-20250616002937000_1tmp surefire_0-20250616002937000_2tmp"/>
    <property name="jdk.debug" value="release"/>
    <property name="surefire.test.class.path" value="C:\Users\darkl\Desktop\DEV\testplaywright\target\test-classes;C:\Users\darkl\Desktop\DEV\testplaywright\target\classes;C:\Users\darkl\.m2\repository\junit\junit\4.11\junit-4.11.jar;C:\Users\darkl\.m2\repository\org\hamcrest\hamcrest-core\1.3\hamcrest-core-1.3.jar;C:\Users\darkl\.m2\repository\com\microsoft\playwright\playwright\1.52.0\playwright-1.52.0.jar;C:\Users\darkl\.m2\repository\com\google\code\gson\gson\2.12.1\gson-2.12.1.jar;C:\Users\darkl\.m2\repository\com\google\errorprone\error_prone_annotations\2.36.0\error_prone_annotations-2.36.0.jar;C:\Users\darkl\.m2\repository\org\opentest4j\opentest4j\1.3.0\opentest4j-1.3.0.jar;C:\Users\darkl\.m2\repository\com\microsoft\playwright\driver\1.52.0\driver-1.52.0.jar;C:\Users\darkl\.m2\repository\com\microsoft\playwright\driver-bundle\1.52.0\driver-bundle-1.52.0.jar;"/>
    <property name="sun.cpu.endian" value="little"/>
    <property name="user.home" value="C:\Users\darkl"/>
    <property name="user.language" value="en"/>
    <property name="java.specification.vendor" value="Oracle Corporation"/>
    <property name="java.version.date" value="2025-04-15"/>
    <property name="java.home" value="C:\Program Files\Java\jdk-24"/>
    <property name="file.separator" value="\"/>
    <property name="basedir" value="C:\Users\darkl\Desktop\DEV\testplaywright"/>
    <property name="java.vm.compressedOopsMode" value="Zero based"/>
    <property name="line.separator" value="&#10;"/>
    <property name="java.vm.specification.vendor" value="Oracle Corporation"/>
    <property name="java.specification.name" value="Java Platform API Specification"/>
    <property name="surefire.real.class.path" value="C:\Users\darkl\AppData\Local\Temp\surefire1972139258573488303\surefirebooter-20250616002937000_3.jar"/>
    <property name="user.script" value=""/>
    <property name="sun.management.compiler" value="HotSpot 64-Bit Tiered Compilers"/>
    <property name="java.runtime.version" value="24.0.1+9-30"/>
    <property name="user.name" value="darkl"/>
    <property name="stdout.encoding" value="Cp1252"/>
    <property name="path.separator" value=";"/>
    <property name="os.version" value="10.0"/>
    <property name="java.runtime.name" value="Java(TM) SE Runtime Environment"/>
    <property name="file.encoding" value="UTF-8"/>
    <property name="java.vm.name" value="Java HotSpot(TM) 64-Bit Server VM"/>
    <property name="localRepository" value="C:\Users\darkl\.m2\repository"/>
    <property name="java.vendor.url.bug" value="https://bugreport.java.com/bugreport/"/>
    <property name="java.io.tmpdir" value="C:\Users\darkl\AppData\Local\Temp\"/>
    <property name="java.version" value="24.0.1"/>
    <property name="user.dir" value="C:\Users\darkl\Desktop\DEV\testplaywright"/>
    <property name="os.arch" value="amd64"/>
    <property name="java.vm.specification.name" value="Java Virtual Machine Specification"/>
    <property name="sun.os.patch.level" value=""/>
    <property name="native.encoding" value="Cp1252"/>
    <property name="java.library.path" value="C:\Program Files\Java\jdk-24\bin;C:\Windows\Sun\Java\bin;C:\Windows\system32;C:\Windows;C:\Users\darkl\Desktop\DEV\SmartAPI\smartapi-python\.venv\Scripts;C:\Program Files\Common Files\Oracle\Java\javapath;C:\Program Files\NVIDIA GPU Computing Toolkit\CUDA\v12.8\bin;C:\Program Files\NVIDIA GPU Computing Toolkit\CUDA\v12.8\libnvvp;C:\Python313\Scripts\;C:\Python313\;C:\Windows\system32;C:\Windows;C:\Windows\System32\Wbem;C:\Windows\System32\WindowsPowerShell\v1.0\;C:\Windows\System32\OpenSSH\;C:\Program Files (x86)\NVIDIA Corporation\PhysX\Common;C:\Program Files\nodejs\;C:\ProgramData\chocolatey\bin;C:\Program Files\Docker\Docker\resources\bin;C:\Program Files\Git\cmd;C:\Program Files\NVIDIA Corporation\NVIDIA App\NvDLISR;C:\Program Files\NVIDIA Corporation\Nsight Compute 2025.1.1\;C:\ProgramData\chocolatey\lib\maven\apache-maven-3.9.10\bin;C:\Users\darkl\.cargo\bin;C:\Users\darkl\AppData\Local\Microsoft\WindowsApps;C:\Users\darkl\AppData\Roaming\npm;C:\Users\darkl\AppData\Local\Programs\Microsoft VS Code\bin;C:\Users\darkl\AppData\Local\Programs\Ollama;C:\Users\darkl\AppData\Roaming\Python\Python313\Scripts;c:\users\darkl\.local\bin;C:\Users\darkl\AppData\Local\Programs\cursor\resources\app\bin; C:\ProgramData\chocolatey\lib\maven\apache-maven-3.9.10\bin;;."/>
    <property name="java.vm.info" value="mixed mode, sharing"/>
    <property name="stderr.encoding" value="Cp1252"/>
    <property name="java.vendor" value="Oracle Corporation"/>
    <property name="java.vm.version" value="24.0.1+9-30"/>
    <property name="sun.io.unicode.encoding" value="UnicodeLittle"/>
    <property name="java.class.version" value="68.0"/>
  </properties>
  <testcase name="shouldAnswerWithTrue" classname="com.playwright.AppTest" time="0.003"/>
</testsuite>